  [1m[35m (564.7ms)[0m  [1m[35mCREATE DATABASE "caterhub_development" ENCODING = 'unicode'[0m
  [1m[35m (375.7ms)[0m  [1m[35mCREATE DATABASE "caterhub_test" ENCODING = 'unicode'[0m
  [1m[35m (30.4ms)[0m  [1m[35mCREATE TABLE "schema_migrations" ("version" character varying NOT NULL PRIMARY KEY)[0m
  [1m[35m (9.0ms)[0m  [1m[35mCREATE TABLE "ar_internal_metadata" ("key" character varying NOT NULL PRIMARY KEY, "value" character varying, "created_at" timestamp(6) NOT NULL, "updated_at" timestamp(6) NOT NULL)[0m
  [1m[35m (0.7ms)[0m  [1m[34mSELECT pg_try_advisory_lock(2418223249063613250)[0m
  [1m[35m (1.4ms)[0m  [1m[34mSELECT "schema_migrations"."version" FROM "schema_migrations" ORDER BY "schema_migrations"."version" ASC[0m
Migrating to CreateCompanies (20191124214125)
  [1m[35m (0.6ms)[0m  [1m[35mBEGIN[0m
  [1m[35m (14.8ms)[0m  [1m[35mCREATE TABLE "companies" ("id" bigserial primary key, "name" character varying NOT NULL, "created_at" timestamp(6) NOT NULL, "updated_at" timestamp(6) NOT NULL)[0m
  [1m[36mprimary::SchemaMigration Create (4.4ms)[0m  [1m[32mINSERT INTO "schema_migrations" ("version") VALUES ($1) RETURNING "version"[0m  [["version", "20191124214125"]]
  [1m[35m (0.7ms)[0m  [1m[35mCOMMIT[0m
  [1m[36mActiveRecord::InternalMetadata Load (0.7ms)[0m  [1m[34mSELECT "ar_internal_metadata".* FROM "ar_internal_metadata" WHERE "ar_internal_metadata"."key" = $1 LIMIT $2[0m  [["key", "environment"], ["LIMIT", 1]]
  [1m[35m (0.2ms)[0m  [1m[35mBEGIN[0m
  [1m[36mActiveRecord::InternalMetadata Create (1.8ms)[0m  [1m[32mINSERT INTO "ar_internal_metadata" ("key", "value", "created_at", "updated_at") VALUES ($1, $2, $3, $4) RETURNING "key"[0m  [["key", "environment"], ["value", "development"], ["created_at", "2019-11-24 21:43:14.061665"], ["updated_at", "2019-11-24 21:43:14.061665"]]
  [1m[35m (1.1ms)[0m  [1m[35mCOMMIT[0m
  [1m[35m (0.8ms)[0m  [1m[34mSELECT pg_advisory_unlock(2418223249063613250)[0m
  [1m[35m (1.3ms)[0m  [1m[34mSELECT "schema_migrations"."version" FROM "schema_migrations" ORDER BY "schema_migrations"."version" ASC[0m
  [1m[35m (1.0ms)[0m  [1m[34mSELECT "schema_migrations"."version" FROM "schema_migrations" ORDER BY "schema_migrations"."version" ASC[0m
  [1m[35m (0.3ms)[0m  [1m[34mSELECT pg_try_advisory_lock(2418223249063613250)[0m
  [1m[35m (1.0ms)[0m  [1m[34mSELECT "schema_migrations"."version" FROM "schema_migrations" ORDER BY "schema_migrations"."version" ASC[0m
Migrating to CreateUsers (20191124215808)
  [1m[35m (0.6ms)[0m  [1m[34mSELECT pg_advisory_unlock(2418223249063613250)[0m
  [1m[35m (0.2ms)[0m  [1m[34mSELECT pg_try_advisory_lock(2418223249063613250)[0m
  [1m[35m (0.9ms)[0m  [1m[34mSELECT "schema_migrations"."version" FROM "schema_migrations" ORDER BY "schema_migrations"."version" ASC[0m
Migrating to CreateUsers (20191124215808)
  [1m[35m (0.2ms)[0m  [1m[35mBEGIN[0m
  [1m[35m (12.7ms)[0m  [1m[35mCREATE TABLE "users" ("id" bigserial primary key, "first_name" character varying NOT NULL, "last_name" character varying NOT NULL, "email" character varying NOT NULL, "password_digest" character varying NOT NULL, "session_token" character varying NOT NULL, "company_id" integer, "created_at" timestamp(6) NOT NULL, "updated_at" timestamp(6) NOT NULL)[0m
  [1m[35m (3.5ms)[0m  [1m[35mCREATE  INDEX  "index_users_on_session_token" ON "users"  ("session_token")[0m
  [1m[35m (1.5ms)[0m  [1m[35mCREATE  INDEX  "index_users_on_company_id" ON "users"  ("company_id")[0m
  [1m[36mprimary::SchemaMigration Create (0.8ms)[0m  [1m[32mINSERT INTO "schema_migrations" ("version") VALUES ($1) RETURNING "version"[0m  [["version", "20191124215808"]]
  [1m[35m (0.8ms)[0m  [1m[35mCOMMIT[0m
  [1m[36mActiveRecord::InternalMetadata Load (1.3ms)[0m  [1m[34mSELECT "ar_internal_metadata".* FROM "ar_internal_metadata" WHERE "ar_internal_metadata"."key" = $1 LIMIT $2[0m  [["key", "environment"], ["LIMIT", 1]]
  [1m[35m (0.3ms)[0m  [1m[34mSELECT pg_advisory_unlock(2418223249063613250)[0m
  [1m[35m (1.0ms)[0m  [1m[34mSELECT "schema_migrations"."version" FROM "schema_migrations" ORDER BY "schema_migrations"."version" ASC[0m
  [1m[35m (1.0ms)[0m  [1m[34mSELECT "schema_migrations"."version" FROM "schema_migrations" ORDER BY "schema_migrations"."version" ASC[0m
  [1m[35m (0.3ms)[0m  [1m[34mSELECT pg_try_advisory_lock(2418223249063613250)[0m
  [1m[35m (1.1ms)[0m  [1m[34mSELECT "schema_migrations"."version" FROM "schema_migrations" ORDER BY "schema_migrations"."version" ASC[0m
Migrating to CreateMenuItems (20191124220702)
  [1m[35m (0.2ms)[0m  [1m[35mBEGIN[0m
  [1m[35m (10.1ms)[0m  [1m[35mCREATE TABLE "menu_items" ("id" bigserial primary key, "name" character varying NOT NULL, "price" float NOT NULL, "required_notice" integer NOT NULL, "company_id" integer NOT NULL, "created_at" timestamp(6) NOT NULL, "updated_at" timestamp(6) NOT NULL)[0m
  [1m[35m (1.0ms)[0m  [1m[35mCREATE  INDEX  "index_menu_items_on_name" ON "menu_items"  ("name")[0m
  [1m[35m (2.2ms)[0m  [1m[35mCREATE UNIQUE INDEX  "index_menu_items_on_name_and_company_id" ON "menu_items"  ("name", "company_id")[0m
  [1m[36mprimary::SchemaMigration Create (0.7ms)[0m  [1m[32mINSERT INTO "schema_migrations" ("version") VALUES ($1) RETURNING "version"[0m  [["version", "20191124220702"]]
  [1m[35m (0.6ms)[0m  [1m[35mCOMMIT[0m
  [1m[36mActiveRecord::InternalMetadata Load (0.6ms)[0m  [1m[34mSELECT "ar_internal_metadata".* FROM "ar_internal_metadata" WHERE "ar_internal_metadata"."key" = $1 LIMIT $2[0m  [["key", "environment"], ["LIMIT", 1]]
  [1m[35m (0.5ms)[0m  [1m[34mSELECT pg_advisory_unlock(2418223249063613250)[0m
  [1m[35m (1.3ms)[0m  [1m[34mSELECT "schema_migrations"."version" FROM "schema_migrations" ORDER BY "schema_migrations"."version" ASC[0m
  [1m[35m (0.9ms)[0m  [1m[34mSELECT "schema_migrations"."version" FROM "schema_migrations" ORDER BY "schema_migrations"."version" ASC[0m
  [1m[35m (0.2ms)[0m  [1m[34mSELECT pg_try_advisory_lock(2418223249063613250)[0m
  [1m[35m (1.1ms)[0m  [1m[34mSELECT "schema_migrations"."version" FROM "schema_migrations" ORDER BY "schema_migrations"."version" ASC[0m
Migrating to CreateModifiers (20191124223041)
  [1m[35m (0.4ms)[0m  [1m[34mSELECT pg_advisory_unlock(2418223249063613250)[0m
  [1m[35m (0.3ms)[0m  [1m[34mSELECT pg_try_advisory_lock(2418223249063613250)[0m
  [1m[35m (0.9ms)[0m  [1m[34mSELECT "schema_migrations"."version" FROM "schema_migrations" ORDER BY "schema_migrations"."version" ASC[0m
Migrating to CreateModifiers (20191124223041)
  [1m[35m (0.2ms)[0m  [1m[35mBEGIN[0m
  [1m[35m (23.0ms)[0m  [1m[35mCREATE TABLE "modifiers" ("id" bigserial primary key, "name" character varying, "price" float, "required_notice" integer, "company_id" integer, "item_ids" integer[], "created_at" timestamp(6) NOT NULL, "updated_at" timestamp(6) NOT NULL)[0m
  [1m[35m (1.1ms)[0m  [1m[35mCREATE  INDEX  "index_modifiers_on_company_id" ON "modifiers"  ("company_id")[0m
  [1m[35m (2.1ms)[0m  [1m[35mCREATE UNIQUE INDEX  "index_modifiers_on_name_and_company_id" ON "modifiers"  ("name", "company_id")[0m
  [1m[36mprimary::SchemaMigration Create (1.0ms)[0m  [1m[32mINSERT INTO "schema_migrations" ("version") VALUES ($1) RETURNING "version"[0m  [["version", "20191124223041"]]
  [1m[35m (0.6ms)[0m  [1m[35mCOMMIT[0m
  [1m[36mActiveRecord::InternalMetadata Load (0.6ms)[0m  [1m[34mSELECT "ar_internal_metadata".* FROM "ar_internal_metadata" WHERE "ar_internal_metadata"."key" = $1 LIMIT $2[0m  [["key", "environment"], ["LIMIT", 1]]
  [1m[35m (1.1ms)[0m  [1m[34mSELECT pg_advisory_unlock(2418223249063613250)[0m
  [1m[35m (1.1ms)[0m  [1m[34mSELECT "schema_migrations"."version" FROM "schema_migrations" ORDER BY "schema_migrations"."version" ASC[0m
  [1m[35m (1.1ms)[0m  [1m[34mSELECT "schema_migrations"."version" FROM "schema_migrations" ORDER BY "schema_migrations"."version" ASC[0m
  [1m[35m (1.1ms)[0m  [1m[34mSELECT "schema_migrations"."version" FROM "schema_migrations" ORDER BY "schema_migrations"."version" ASC[0m
  [1m[35m (0.6ms)[0m  [1m[34mSELECT "ar_internal_metadata"."value" FROM "ar_internal_metadata" WHERE "ar_internal_metadata"."key" = $1[0m  [["key", "environment"]]
  [1m[35m (0.5ms)[0m  [1m[34mSELECT "schema_migrations"."version" FROM "schema_migrations" ORDER BY "schema_migrations"."version" ASC[0m
  [1m[35m (0.3ms)[0m  [1m[34mSELECT "ar_internal_metadata"."value" FROM "ar_internal_metadata" WHERE "ar_internal_metadata"."key" = $1[0m  [["key", "environment"]]
  [1m[35m (0.5ms)[0m  [1m[34mSELECT "schema_migrations"."version" FROM "schema_migrations" ORDER BY "schema_migrations"."version" ASC[0m
  [1m[35m (0.4ms)[0m  [1m[34mSELECT "ar_internal_metadata"."value" FROM "ar_internal_metadata" WHERE "ar_internal_metadata"."key" = $1[0m  [["key", "environment"]]
  [1m[35m (5034.9ms)[0m  [1m[35mDROP DATABASE IF EXISTS "caterhub_development"[0m
  [1m[35m (0.9ms)[0m  [1m[34mSELECT "schema_migrations"."version" FROM "schema_migrations" ORDER BY "schema_migrations"."version" ASC[0m
  [1m[35m (0.5ms)[0m  [1m[34mSELECT "ar_internal_metadata"."value" FROM "ar_internal_metadata" WHERE "ar_internal_metadata"."key" = $1[0m  [["key", "environment"]]
  [1m[35m (0.3ms)[0m  [1m[34mSELECT "schema_migrations"."version" FROM "schema_migrations" ORDER BY "schema_migrations"."version" ASC[0m
  [1m[35m (0.3ms)[0m  [1m[34mSELECT "ar_internal_metadata"."value" FROM "ar_internal_metadata" WHERE "ar_internal_metadata"."key" = $1[0m  [["key", "environment"]]
  [1m[35m (0.3ms)[0m  [1m[34mSELECT "schema_migrations"."version" FROM "schema_migrations" ORDER BY "schema_migrations"."version" ASC[0m
  [1m[35m (0.3ms)[0m  [1m[34mSELECT "ar_internal_metadata"."value" FROM "ar_internal_metadata" WHERE "ar_internal_metadata"."key" = $1[0m  [["key", "environment"]]
  [1m[35m (5035.5ms)[0m  [1m[35mDROP DATABASE IF EXISTS "caterhub_development"[0m
  [1m[35m (0.9ms)[0m  [1m[34mSELECT "schema_migrations"."version" FROM "schema_migrations" ORDER BY "schema_migrations"."version" ASC[0m
  [1m[35m (0.4ms)[0m  [1m[34mSELECT "ar_internal_metadata"."value" FROM "ar_internal_metadata" WHERE "ar_internal_metadata"."key" = $1[0m  [["key", "environment"]]
  [1m[35m (0.3ms)[0m  [1m[34mSELECT "schema_migrations"."version" FROM "schema_migrations" ORDER BY "schema_migrations"."version" ASC[0m
  [1m[35m (0.3ms)[0m  [1m[34mSELECT "ar_internal_metadata"."value" FROM "ar_internal_metadata" WHERE "ar_internal_metadata"."key" = $1[0m  [["key", "environment"]]
  [1m[35m (0.3ms)[0m  [1m[34mSELECT "schema_migrations"."version" FROM "schema_migrations" ORDER BY "schema_migrations"."version" ASC[0m
  [1m[35m (0.3ms)[0m  [1m[34mSELECT "ar_internal_metadata"."value" FROM "ar_internal_metadata" WHERE "ar_internal_metadata"."key" = $1[0m  [["key", "environment"]]
  [1m[35m (184.1ms)[0m  [1m[35mDROP DATABASE IF EXISTS "caterhub_development"[0m
  [1m[35m (162.1ms)[0m  [1m[35mDROP DATABASE IF EXISTS "caterhub_test"[0m
  [1m[35m (595.8ms)[0m  [1m[35mCREATE DATABASE "caterhub_development" ENCODING = 'unicode'[0m
  [1m[35m (401.0ms)[0m  [1m[35mCREATE DATABASE "caterhub_test" ENCODING = 'unicode'[0m
  [1m[35m (6.8ms)[0m  [1m[35mCREATE TABLE "schema_migrations" ("version" character varying NOT NULL PRIMARY KEY)[0m
  [1m[35m (4.7ms)[0m  [1m[35mCREATE TABLE "ar_internal_metadata" ("key" character varying NOT NULL PRIMARY KEY, "value" character varying, "created_at" timestamp(6) NOT NULL, "updated_at" timestamp(6) NOT NULL)[0m
  [1m[35m (0.3ms)[0m  [1m[34mSELECT pg_try_advisory_lock(2418223249063613250)[0m
  [1m[35m (0.7ms)[0m  [1m[34mSELECT "schema_migrations"."version" FROM "schema_migrations" ORDER BY "schema_migrations"."version" ASC[0m
Migrating to CreateCompanies (20191124214125)
  [1m[35m (0.2ms)[0m  [1m[35mBEGIN[0m
  [1m[35m (6.4ms)[0m  [1m[35mCREATE TABLE "companies" ("id" bigserial primary key, "name" character varying NOT NULL, "created_at" timestamp(6) NOT NULL, "updated_at" timestamp(6) NOT NULL)[0m
  [1m[36mprimary::SchemaMigration Create (0.9ms)[0m  [1m[32mINSERT INTO "schema_migrations" ("version") VALUES ($1) RETURNING "version"[0m  [["version", "20191124214125"]]
  [1m[35m (0.5ms)[0m  [1m[35mCOMMIT[0m
Migrating to CreateUsers (20191124215808)
  [1m[35m (0.7ms)[0m  [1m[35mBEGIN[0m
  [1m[35m (4.9ms)[0m  [1m[35mCREATE TABLE "users" ("id" bigserial primary key, "first_name" character varying NOT NULL, "last_name" character varying NOT NULL, "email" character varying NOT NULL, "password_digest" character varying NOT NULL, "session_token" character varying NOT NULL, "company_id" integer, "created_at" timestamp(6) NOT NULL, "updated_at" timestamp(6) NOT NULL)[0m
  [1m[35m (1.5ms)[0m  [1m[35mCREATE  INDEX  "index_users_on_session_token" ON "users"  ("session_token")[0m
  [1m[35m (1.6ms)[0m  [1m[35mCREATE  INDEX  "index_users_on_company_id" ON "users"  ("company_id")[0m
  [1m[36mprimary::SchemaMigration Create (0.6ms)[0m  [1m[32mINSERT INTO "schema_migrations" ("version") VALUES ($1) RETURNING "version"[0m  [["version", "20191124215808"]]
  [1m[35m (1.7ms)[0m  [1m[35mCOMMIT[0m
Migrating to CreateMenuItems (20191124220702)
  [1m[35m (1.0ms)[0m  [1m[35mBEGIN[0m
  [1m[35m (7.3ms)[0m  [1m[35mCREATE TABLE "menu_items" ("id" bigserial primary key, "name" character varying NOT NULL, "price" float NOT NULL, "required_notice" integer NOT NULL, "company_id" integer NOT NULL, "created_at" timestamp(6) NOT NULL, "updated_at" timestamp(6) NOT NULL)[0m
  [1m[35m (1.6ms)[0m  [1m[35mCREATE  INDEX  "index_menu_items_on_name" ON "menu_items"  ("name")[0m
  [1m[35m (1.9ms)[0m  [1m[35mCREATE UNIQUE INDEX  "index_menu_items_on_name_and_company_id" ON "menu_items"  ("name", "company_id")[0m
  [1m[36mprimary::SchemaMigration Create (0.6ms)[0m  [1m[32mINSERT INTO "schema_migrations" ("version") VALUES ($1) RETURNING "version"[0m  [["version", "20191124220702"]]
  [1m[35m (1.1ms)[0m  [1m[35mCOMMIT[0m
Migrating to CreateModifiers (20191124223041)
  [1m[35m (0.7ms)[0m  [1m[35mBEGIN[0m
  [1m[35m (12.5ms)[0m  [1m[35mCREATE TABLE "modifiers" ("id" bigserial primary key, "name" character varying, "price" float, "required_notice" integer, "company_id" integer, "item_ids" integer[], "created_at" timestamp(6) NOT NULL, "updated_at" timestamp(6) NOT NULL)[0m
  [1m[35m (1.8ms)[0m  [1m[35mCREATE  INDEX  "index_modifiers_on_company_id" ON "modifiers"  ("company_id")[0m
  [1m[35m (1.5ms)[0m  [1m[35mCREATE  INDEX  "index_modifiers_on_item_ids" ON "modifiers"  ("item_ids")[0m
  [1m[35m (2.0ms)[0m  [1m[35mCREATE UNIQUE INDEX  "index_modifiers_on_name_and_company_id" ON "modifiers"  ("name", "company_id")[0m
  [1m[36mprimary::SchemaMigration Create (0.6ms)[0m  [1m[32mINSERT INTO "schema_migrations" ("version") VALUES ($1) RETURNING "version"[0m  [["version", "20191124223041"]]
  [1m[35m (1.2ms)[0m  [1m[35mCOMMIT[0m
  [1m[36mActiveRecord::InternalMetadata Load (2.1ms)[0m  [1m[34mSELECT "ar_internal_metadata".* FROM "ar_internal_metadata" WHERE "ar_internal_metadata"."key" = $1 LIMIT $2[0m  [["key", "environment"], ["LIMIT", 1]]
  [1m[35m (0.2ms)[0m  [1m[35mBEGIN[0m
  [1m[36mActiveRecord::InternalMetadata Create (1.0ms)[0m  [1m[32mINSERT INTO "ar_internal_metadata" ("key", "value", "created_at", "updated_at") VALUES ($1, $2, $3, $4) RETURNING "key"[0m  [["key", "environment"], ["value", "development"], ["created_at", "2019-11-24 22:40:21.769200"], ["updated_at", "2019-11-24 22:40:21.769200"]]
  [1m[35m (0.7ms)[0m  [1m[35mCOMMIT[0m
  [1m[35m (0.5ms)[0m  [1m[34mSELECT pg_advisory_unlock(2418223249063613250)[0m
  [1m[35m (1.5ms)[0m  [1m[34mSELECT "schema_migrations"."version" FROM "schema_migrations" ORDER BY "schema_migrations"."version" ASC[0m
  [1m[35m (0.9ms)[0m  [1m[34mSELECT "schema_migrations"."version" FROM "schema_migrations" ORDER BY "schema_migrations"."version" ASC[0m
Started GET "/" for ::1 at 2019-11-24 14:59:59 -0800
  [1m[35m (1.8ms)[0m  [1m[34mSELECT "schema_migrations"."version" FROM "schema_migrations" ORDER BY "schema_migrations"."version" ASC[0m
Processing by Rails::WelcomeController#index as HTML
  Rendering /Users/owenhaupt/.rbenv/versions/2.5.1/lib/ruby/gems/2.5.0/gems/railties-6.0.1/lib/rails/templates/rails/welcome/index.html.erb
  Rendered /Users/owenhaupt/.rbenv/versions/2.5.1/lib/ruby/gems/2.5.0/gems/railties-6.0.1/lib/rails/templates/rails/welcome/index.html.erb (Duration: 13.0ms | Allocations: 486)
Completed 200 OK in 73ms (Views: 19.2ms | ActiveRecord: 0.0ms | Allocations: 3239)


  [1m[36mUser Load (4.7ms)[0m  [1m[34mSELECT "users".* FROM "users"[0m
  [1m[36mCompany Load (1.9ms)[0m  [1m[34mSELECT "companies".* FROM "companies"[0m
Started POST "/company?name=Build%20Coffee" for ::1 at 2019-11-24 16:08:48 -0800

NameError - uninitialized constant CompaniesController:

Started POST "/company?name=Build%20Coffee" for ::1 at 2019-11-24 16:10:03 -0800
Processing by CompaniesController#create as */*
  Parameters: {"name"=>"Build Coffee"}
Can't verify CSRF token authenticity.
Completed 422 Unprocessable Entity in 8ms (ActiveRecord: 0.0ms | Allocations: 935)



ActionController::InvalidAuthenticityToken - ActionController::InvalidAuthenticityToken:

Started POST "/user" for ::1 at 2019-11-24 16:10:27 -0800
  
ActionController::RoutingError (No route matches [POST] "/user"):
  
actionpack (6.0.1) lib/action_dispatch/middleware/debug_exceptions.rb:36:in `call'
web-console (4.0.1) lib/web_console/middleware.rb:132:in `call_app'
web-console (4.0.1) lib/web_console/middleware.rb:28:in `block in call'
web-console (4.0.1) lib/web_console/middleware.rb:17:in `catch'
web-console (4.0.1) lib/web_console/middleware.rb:17:in `call'
actionpack (6.0.1) lib/action_dispatch/middleware/show_exceptions.rb:33:in `call'
railties (6.0.1) lib/rails/rack/logger.rb:38:in `call_app'
railties (6.0.1) lib/rails/rack/logger.rb:26:in `block in call'
activesupport (6.0.1) lib/active_support/tagged_logging.rb:80:in `block in tagged'
activesupport (6.0.1) lib/active_support/tagged_logging.rb:28:in `tagged'
activesupport (6.0.1) lib/active_support/tagged_logging.rb:80:in `tagged'
railties (6.0.1) lib/rails/rack/logger.rb:26:in `call'
sprockets-rails (3.2.1) lib/sprockets/rails/quiet_assets.rb:13:in `call'
actionpack (6.0.1) lib/action_dispatch/middleware/remote_ip.rb:81:in `call'
actionpack (6.0.1) lib/action_dispatch/middleware/request_id.rb:27:in `call'
rack (2.0.7) lib/rack/method_override.rb:22:in `call'
rack (2.0.7) lib/rack/runtime.rb:22:in `call'
activesupport (6.0.1) lib/active_support/cache/strategy/local_cache_middleware.rb:29:in `call'
actionpack (6.0.1) lib/action_dispatch/middleware/executor.rb:14:in `call'
actionpack (6.0.1) lib/action_dispatch/middleware/static.rb:126:in `call'
rack (2.0.7) lib/rack/sendfile.rb:111:in `call'
actionpack (6.0.1) lib/action_dispatch/middleware/host_authorization.rb:83:in `call'
webpacker (4.2.0) lib/webpacker/dev_server_proxy.rb:23:in `perform_request'
rack-proxy (0.6.5) lib/rack/proxy.rb:57:in `call'
railties (6.0.1) lib/rails/engine.rb:526:in `call'
puma (4.3.0) lib/puma/configuration.rb:228:in `call'
puma (4.3.0) lib/puma/server.rb:667:in `handle_request'
puma (4.3.0) lib/puma/server.rb:470:in `process_client'
puma (4.3.0) lib/puma/server.rb:328:in `block in run'
puma (4.3.0) lib/puma/thread_pool.rb:134:in `block in spawn_thread'
Started POST "/user" for ::1 at 2019-11-24 16:11:18 -0800
  
ActionController::RoutingError (No route matches [POST] "/user"):
  
actionpack (6.0.1) lib/action_dispatch/middleware/debug_exceptions.rb:36:in `call'
web-console (4.0.1) lib/web_console/middleware.rb:132:in `call_app'
web-console (4.0.1) lib/web_console/middleware.rb:28:in `block in call'
web-console (4.0.1) lib/web_console/middleware.rb:17:in `catch'
web-console (4.0.1) lib/web_console/middleware.rb:17:in `call'
actionpack (6.0.1) lib/action_dispatch/middleware/show_exceptions.rb:33:in `call'
railties (6.0.1) lib/rails/rack/logger.rb:38:in `call_app'
railties (6.0.1) lib/rails/rack/logger.rb:26:in `block in call'
activesupport (6.0.1) lib/active_support/tagged_logging.rb:80:in `block in tagged'
activesupport (6.0.1) lib/active_support/tagged_logging.rb:28:in `tagged'
activesupport (6.0.1) lib/active_support/tagged_logging.rb:80:in `tagged'
railties (6.0.1) lib/rails/rack/logger.rb:26:in `call'
sprockets-rails (3.2.1) lib/sprockets/rails/quiet_assets.rb:13:in `call'
actionpack (6.0.1) lib/action_dispatch/middleware/remote_ip.rb:81:in `call'
actionpack (6.0.1) lib/action_dispatch/middleware/request_id.rb:27:in `call'
rack (2.0.7) lib/rack/method_override.rb:22:in `call'
rack (2.0.7) lib/rack/runtime.rb:22:in `call'
activesupport (6.0.1) lib/active_support/cache/strategy/local_cache_middleware.rb:29:in `call'
actionpack (6.0.1) lib/action_dispatch/middleware/executor.rb:14:in `call'
actionpack (6.0.1) lib/action_dispatch/middleware/static.rb:126:in `call'
rack (2.0.7) lib/rack/sendfile.rb:111:in `call'
actionpack (6.0.1) lib/action_dispatch/middleware/host_authorization.rb:83:in `call'
webpacker (4.2.0) lib/webpacker/dev_server_proxy.rb:23:in `perform_request'
rack-proxy (0.6.5) lib/rack/proxy.rb:57:in `call'
railties (6.0.1) lib/rails/engine.rb:526:in `call'
puma (4.3.0) lib/puma/configuration.rb:228:in `call'
puma (4.3.0) lib/puma/server.rb:667:in `handle_request'
puma (4.3.0) lib/puma/server.rb:470:in `process_client'
puma (4.3.0) lib/puma/server.rb:328:in `block in run'
puma (4.3.0) lib/puma/thread_pool.rb:134:in `block in spawn_thread'
Started POST "/user" for ::1 at 2019-11-24 16:11:45 -0800
  [1m[35m (6.0ms)[0m  [1m[34mSELECT "schema_migrations"."version" FROM "schema_migrations" ORDER BY "schema_migrations"."version" ASC[0m
  
ActionController::RoutingError (No route matches [POST] "/user"):
  
actionpack (6.0.1) lib/action_dispatch/middleware/debug_exceptions.rb:36:in `call'
web-console (4.0.1) lib/web_console/middleware.rb:132:in `call_app'
web-console (4.0.1) lib/web_console/middleware.rb:28:in `block in call'
web-console (4.0.1) lib/web_console/middleware.rb:17:in `catch'
web-console (4.0.1) lib/web_console/middleware.rb:17:in `call'
actionpack (6.0.1) lib/action_dispatch/middleware/show_exceptions.rb:33:in `call'
railties (6.0.1) lib/rails/rack/logger.rb:38:in `call_app'
railties (6.0.1) lib/rails/rack/logger.rb:26:in `block in call'
activesupport (6.0.1) lib/active_support/tagged_logging.rb:80:in `block in tagged'
activesupport (6.0.1) lib/active_support/tagged_logging.rb:28:in `tagged'
activesupport (6.0.1) lib/active_support/tagged_logging.rb:80:in `tagged'
railties (6.0.1) lib/rails/rack/logger.rb:26:in `call'
sprockets-rails (3.2.1) lib/sprockets/rails/quiet_assets.rb:13:in `call'
actionpack (6.0.1) lib/action_dispatch/middleware/remote_ip.rb:81:in `call'
actionpack (6.0.1) lib/action_dispatch/middleware/request_id.rb:27:in `call'
rack (2.0.7) lib/rack/method_override.rb:22:in `call'
rack (2.0.7) lib/rack/runtime.rb:22:in `call'
activesupport (6.0.1) lib/active_support/cache/strategy/local_cache_middleware.rb:29:in `call'
actionpack (6.0.1) lib/action_dispatch/middleware/executor.rb:14:in `call'
actionpack (6.0.1) lib/action_dispatch/middleware/static.rb:126:in `call'
rack (2.0.7) lib/rack/sendfile.rb:111:in `call'
actionpack (6.0.1) lib/action_dispatch/middleware/host_authorization.rb:83:in `call'
webpacker (4.2.0) lib/webpacker/dev_server_proxy.rb:23:in `perform_request'
rack-proxy (0.6.5) lib/rack/proxy.rb:57:in `call'
railties (6.0.1) lib/rails/engine.rb:526:in `call'
puma (4.3.0) lib/puma/configuration.rb:228:in `call'
puma (4.3.0) lib/puma/server.rb:667:in `handle_request'
puma (4.3.0) lib/puma/server.rb:470:in `process_client'
puma (4.3.0) lib/puma/server.rb:328:in `block in run'
puma (4.3.0) lib/puma/thread_pool.rb:134:in `block in spawn_thread'
Started POST "/users" for ::1 at 2019-11-24 16:12:28 -0800
Processing by UsersController#create as */*
Can't verify CSRF token authenticity.
Completed 422 Unprocessable Entity in 2ms (ActiveRecord: 0.0ms | Allocations: 949)



ActionController::InvalidAuthenticityToken - ActionController::InvalidAuthenticityToken:

Started POST "/users" for ::1 at 2019-11-24 16:13:33 -0800
Processing by UsersController#create as */*
Can't verify CSRF token authenticity.
Completed 422 Unprocessable Entity in 4ms (ActiveRecord: 0.0ms | Allocations: 880)



ActionController::InvalidAuthenticityToken - ActionController::InvalidAuthenticityToken:

Started POST "/users" for ::1 at 2019-11-24 16:13:41 -0800
Processing by UsersController#create as */*
Can't verify CSRF token authenticity.
Completed 422 Unprocessable Entity in 1ms (ActiveRecord: 0.0ms | Allocations: 916)



ActionController::InvalidAuthenticityToken - ActionController::InvalidAuthenticityToken:

Started POST "/users" for ::1 at 2019-11-24 16:13:47 -0800
Processing by UsersController#create as */*
Can't verify CSRF token authenticity.
Completed 422 Unprocessable Entity in 2ms (ActiveRecord: 0.0ms | Allocations: 916)



ActionController::InvalidAuthenticityToken - ActionController::InvalidAuthenticityToken:

Started POST "/users" for ::1 at 2019-11-24 16:17:41 -0800
Processing by UsersController#create as */*
Can't verify CSRF token authenticity.
Completed 422 Unprocessable Entity in 12ms (ActiveRecord: 0.0ms | Allocations: 916)



ActionController::InvalidAuthenticityToken - ActionController::InvalidAuthenticityToken:

Started POST "/users" for ::1 at 2019-11-24 16:17:43 -0800
Processing by UsersController#create as */*
Can't verify CSRF token authenticity.
Completed 422 Unprocessable Entity in 3ms (ActiveRecord: 0.0ms | Allocations: 916)



ActionController::InvalidAuthenticityToken - ActionController::InvalidAuthenticityToken:

Started POST "/users" for ::1 at 2019-11-24 16:18:18 -0800
  [1m[35m (1.6ms)[0m  [1m[34mSELECT "schema_migrations"."version" FROM "schema_migrations" ORDER BY "schema_migrations"."version" ASC[0m
Processing by UsersController#create as */*
Can't verify CSRF token authenticity.
Completed 422 Unprocessable Entity in 1ms (ActiveRecord: 0.0ms | Allocations: 989)



ActionController::InvalidAuthenticityToken - ActionController::InvalidAuthenticityToken:

Started POST "/users" for ::1 at 2019-11-24 16:18:54 -0800
Processing by UsersController#create as */*
Can't verify CSRF token authenticity.
Completed 422 Unprocessable Entity in 2ms (ActiveRecord: 0.0ms | Allocations: 916)



ActionController::InvalidAuthenticityToken - ActionController::InvalidAuthenticityToken:

Started POST "/users" for ::1 at 2019-11-24 16:18:55 -0800
Processing by UsersController#create as */*
Can't verify CSRF token authenticity.
Completed 422 Unprocessable Entity in 1ms (ActiveRecord: 0.0ms | Allocations: 916)



ActionController::InvalidAuthenticityToken - ActionController::InvalidAuthenticityToken:

Started POST "/users" for ::1 at 2019-11-24 16:18:57 -0800
Processing by UsersController#create as */*
Can't verify CSRF token authenticity.
Completed 422 Unprocessable Entity in 6ms (ActiveRecord: 0.0ms | Allocations: 916)



ActionController::InvalidAuthenticityToken - ActionController::InvalidAuthenticityToken:

Started POST "/users" for ::1 at 2019-11-24 16:20:44 -0800
Processing by UsersController#create as */*
Can't verify CSRF token authenticity.
Completed 422 Unprocessable Entity in 3ms (ActiveRecord: 0.0ms | Allocations: 916)



ActionController::InvalidAuthenticityToken - ActionController::InvalidAuthenticityToken:

Started POST "/users" for ::1 at 2019-11-24 16:21:54 -0800
  [1m[35m (2.5ms)[0m  [1m[34mSELECT "schema_migrations"."version" FROM "schema_migrations" ORDER BY "schema_migrations"."version" ASC[0m
Processing by UsersController#create as */*
Can't verify CSRF token authenticity.
Completed 422 Unprocessable Entity in 19ms (ActiveRecord: 0.0ms | Allocations: 989)



ActionController::InvalidAuthenticityToken - ActionController::InvalidAuthenticityToken:

Started GET "/company/" for ::1 at 2019-11-24 16:22:45 -0800
  
ActionController::RoutingError (No route matches [GET] "/company"):
  
actionpack (6.0.1) lib/action_dispatch/middleware/debug_exceptions.rb:36:in `call'
web-console (4.0.1) lib/web_console/middleware.rb:132:in `call_app'
web-console (4.0.1) lib/web_console/middleware.rb:28:in `block in call'
web-console (4.0.1) lib/web_console/middleware.rb:17:in `catch'
web-console (4.0.1) lib/web_console/middleware.rb:17:in `call'
actionpack (6.0.1) lib/action_dispatch/middleware/show_exceptions.rb:33:in `call'
railties (6.0.1) lib/rails/rack/logger.rb:38:in `call_app'
railties (6.0.1) lib/rails/rack/logger.rb:26:in `block in call'
activesupport (6.0.1) lib/active_support/tagged_logging.rb:80:in `block in tagged'
activesupport (6.0.1) lib/active_support/tagged_logging.rb:28:in `tagged'
activesupport (6.0.1) lib/active_support/tagged_logging.rb:80:in `tagged'
railties (6.0.1) lib/rails/rack/logger.rb:26:in `call'
sprockets-rails (3.2.1) lib/sprockets/rails/quiet_assets.rb:13:in `call'
actionpack (6.0.1) lib/action_dispatch/middleware/remote_ip.rb:81:in `call'
actionpack (6.0.1) lib/action_dispatch/middleware/request_id.rb:27:in `call'
rack (2.0.7) lib/rack/method_override.rb:22:in `call'
rack (2.0.7) lib/rack/runtime.rb:22:in `call'
activesupport (6.0.1) lib/active_support/cache/strategy/local_cache_middleware.rb:29:in `call'
actionpack (6.0.1) lib/action_dispatch/middleware/executor.rb:14:in `call'
actionpack (6.0.1) lib/action_dispatch/middleware/static.rb:126:in `call'
rack (2.0.7) lib/rack/sendfile.rb:111:in `call'
actionpack (6.0.1) lib/action_dispatch/middleware/host_authorization.rb:83:in `call'
webpacker (4.2.0) lib/webpacker/dev_server_proxy.rb:23:in `perform_request'
rack-proxy (0.6.5) lib/rack/proxy.rb:57:in `call'
railties (6.0.1) lib/rails/engine.rb:526:in `call'
puma (4.3.0) lib/puma/configuration.rb:228:in `call'
puma (4.3.0) lib/puma/server.rb:667:in `handle_request'
puma (4.3.0) lib/puma/server.rb:470:in `process_client'
puma (4.3.0) lib/puma/server.rb:328:in `block in run'
puma (4.3.0) lib/puma/thread_pool.rb:134:in `block in spawn_thread'
Started POST "/session" for ::1 at 2019-11-24 16:28:46 -0800
Processing by SessionsController#create as */*
Can't verify CSRF token authenticity.
Completed 422 Unprocessable Entity in 10ms (ActiveRecord: 0.0ms | Allocations: 877)



ActionController::InvalidAuthenticityToken - ActionController::InvalidAuthenticityToken:

  [1m[35m (0.3ms)[0m  [1m[35mBEGIN[0m
  [1m[36mUser Exists? (1.1ms)[0m  [1m[34mSELECT 1 AS one FROM "users" WHERE "users"."email" = $1 LIMIT $2[0m  [["email", "abc@xyz.com"], ["LIMIT", 1]]
  [1m[36mCompany Load (0.3ms)[0m  [1m[34mSELECT "companies".* FROM "companies" WHERE "companies"."id" = $1 LIMIT $2[0m  [["id", 1], ["LIMIT", 1]]
  [1m[35m (0.3ms)[0m  [1m[31mROLLBACK[0m
  [1m[35m (0.2ms)[0m  [1m[35mBEGIN[0m
  [1m[36mUser Exists? (0.4ms)[0m  [1m[34mSELECT 1 AS one FROM "users" WHERE "users"."email" = $1 LIMIT $2[0m  [["email", "abc@xyz.com"], ["LIMIT", 1]]
  [1m[35m (0.3ms)[0m  [1m[31mROLLBACK[0m
  [1m[35m (0.2ms)[0m  [1m[35mBEGIN[0m
  [1m[36mCompany Create (5.8ms)[0m  [1m[32mINSERT INTO "companies" ("name", "created_at", "updated_at") VALUES ($1, $2, $3) RETURNING "id"[0m  [["name", "build_coffee"], ["created_at", "2019-11-25 00:31:29.597695"], ["updated_at", "2019-11-25 00:31:29.597695"]]
  [1m[35m (0.6ms)[0m  [1m[35mCOMMIT[0m
  [1m[36mCompany Load (0.8ms)[0m  [1m[34mSELECT "companies".* FROM "companies"[0m
  [1m[35m (0.2ms)[0m  [1m[35mBEGIN[0m
  [1m[36mUser Exists? (0.5ms)[0m  [1m[34mSELECT 1 AS one FROM "users" WHERE "users"."email" = $1 LIMIT $2[0m  [["email", "abc@xyz.com"], ["LIMIT", 1]]
  [1m[35m (0.7ms)[0m  [1m[31mROLLBACK[0m
  [1m[36mCompany Load (0.6ms)[0m  [1m[34mSELECT "companies".* FROM "companies"[0m
  [1m[35m (0.2ms)[0m  [1m[35mBEGIN[0m
  [1m[36mUser Exists? (0.5ms)[0m  [1m[34mSELECT 1 AS one FROM "users" WHERE "users"."email" = $1 LIMIT $2[0m  [["email", "abc@xyz.com"], ["LIMIT", 1]]
  [1m[36mCompany Load (0.5ms)[0m  [1m[34mSELECT "companies".* FROM "companies" WHERE "companies"."id" = $1 LIMIT $2[0m  [["id", 1], ["LIMIT", 1]]
  [1m[36mUser Create (4.5ms)[0m  [1m[32mINSERT INTO "users" ("first_name", "last_name", "email", "password_digest", "session_token", "company_id", "created_at", "updated_at") VALUES ($1, $2, $3, $4, $5, $6, $7, $8) RETURNING "id"[0m  [["first_name", "owen"], ["last_name", "haupt"], ["email", "abc@xyz.com"], ["password_digest", "$2a$12$NzbTCXUyTG5cMWYM1jYYeuBwUbL03iW/GWeSYAlKESxhqN/AUxPoy"], ["session_token", "a0UWw1J7cDudaNDE5YSpLg"], ["company_id", 1], ["created_at", "2019-11-25 00:32:21.592030"], ["updated_at", "2019-11-25 00:32:21.592030"]]
  [1m[35m (0.6ms)[0m  [1m[35mCOMMIT[0m
  [1m[36mUser Load (1.1ms)[0m  [1m[34mSELECT "users".* FROM "users" WHERE "users"."company_id" = $1[0m  [["company_id", 1]]
Started POST "/session" for ::1 at 2019-11-24 16:32:45 -0800
Processing by SessionsController#create as */*
Can't verify CSRF token authenticity.
Completed 422 Unprocessable Entity in 1ms (ActiveRecord: 0.0ms | Allocations: 916)



ActionController::InvalidAuthenticityToken - ActionController::InvalidAuthenticityToken:

Started GET "/users" for ::1 at 2019-11-24 16:36:11 -0800
Processing by UsersController#show as HTML
Completed 404 Not Found in 81ms (ActiveRecord: 15.0ms | Allocations: 8648)



ActiveRecord::RecordNotFound - Couldn't find User without an ID:
  app/controllers/users_controller.rb:18:in `show'

Started POST "/__better_errors/6e638d389394753d/variables" for ::1 at 2019-11-24 16:36:11 -0800
Started POST "/session" for ::1 at 2019-11-24 16:46:14 -0800
Processing by SessionsController#create as */*
Can't verify CSRF token authenticity.
Completed 500 Internal Server Error in 11ms (ActiveRecord: 0.0ms | Allocations: 2710)



NoMethodError - undefined method `[]' for nil:NilClass:
  app/controllers/sessions_controller.rb:3:in `create'

  [1m[36mUser Load (2.2ms)[0m  [1m[34mSELECT "users".* FROM "users"[0m
Started POST "/session?email=abc@xyz.com&password=[FILTERED]" for ::1 at 2019-11-24 16:47:04 -0800
Processing by SessionsController#create as */*
  Parameters: {"email"=>"abc@xyz.com", "password"=>"[FILTERED]"}
Can't verify CSRF token authenticity.
Completed 500 Internal Server Error in 4ms (ActiveRecord: 0.0ms | Allocations: 1556)



NoMethodError - undefined method `[]' for nil:NilClass:
  app/controllers/sessions_controller.rb:3:in `create'

Started POST "/session?email=abc@xyz.com&password=[FILTERED]" for ::1 at 2019-11-24 16:47:51 -0800
Processing by SessionsController#create as */*
  Parameters: {"email"=>"abc@xyz.com", "password"=>"[FILTERED]"}
Can't verify CSRF token authenticity.
Completed 500 Internal Server Error in 11ms (Views: 1.3ms | ActiveRecord: 0.0ms | Allocations: 1312)



AbstractController::DoubleRenderError - Render and/or redirect were called multiple times in this action. Please note that you may only call render OR redirect, and at most once per action. Also note that neither redirect nor render terminate execution of the action, so if you want to exit an action after redirecting, you need to do something like "redirect_to(...) and return".:
  app/controllers/sessions_controller.rb:6:in `create'

Started POST "/session?email=abc@xyz.com&password=[FILTERED]" for ::1 at 2019-11-24 16:48:13 -0800
Processing by SessionsController#create as */*
  Parameters: {"email"=>"abc@xyz.com", "password"=>"[FILTERED]"}
Can't verify CSRF token authenticity.
Completed 500 Internal Server Error in 11ms (ActiveRecord: 0.0ms | Allocations: 1823)



NoMethodError - undefined method `log' for nil:NilClass:
  app/controllers/sessions_controller.rb:3:in `create'

Started POST "/session?email=abc@xyz.com&password=[FILTERED]" for ::1 at 2019-11-24 16:48:27 -0800
Processing by SessionsController#create as */*
  Parameters: {"email"=>"abc@xyz.com", "password"=>"[FILTERED]"}
Can't verify CSRF token authenticity.
Completed 500 Internal Server Error in 3ms (ActiveRecord: 0.0ms | Allocations: 1776)



NoMethodError - undefined method `log' for nil:NilClass:
  app/controllers/sessions_controller.rb:3:in `create'

Started POST "/session?email=abc@xyz.com&password=[FILTERED]" for ::1 at 2019-11-24 16:48:31 -0800
Processing by SessionsController#create as */*
  Parameters: {"email"=>"abc@xyz.com", "password"=>"[FILTERED]"}
Can't verify CSRF token authenticity.
Completed 422 Unprocessable Entity in 7ms (Views: 0.7ms | ActiveRecord: 0.0ms | Allocations: 351)


Started POST "/session?email=abc@xyz.com&password=[FILTERED]" for ::1 at 2019-11-24 16:49:21 -0800
Processing by SessionsController#create as */*
  Parameters: {"email"=>"abc@xyz.com", "password"=>"[FILTERED]"}
Can't verify CSRF token authenticity.
Completed 500 Internal Server Error in 45ms (ActiveRecord: 10.7ms | Allocations: 4285)



PG::UndefinedColumn - ERROR:  column users.username does not exist
LINE 1: SELECT "users".* FROM "users" WHERE "users"."username" = $1 ...
                                            ^
:
  app/models/user.rb:28:in `find_by_credentials'
  app/controllers/sessions_controller.rb:3:in `create'

Started POST "/session?email=abc@xyz.com&password=[FILTERED]" for ::1 at 2019-11-24 16:50:10 -0800
Processing by SessionsController#create as */*
  Parameters: {"email"=>"abc@xyz.com", "password"=>"[FILTERED]"}
Can't verify CSRF token authenticity.
  [1m[36mUser Load (1.8ms)[0m  [1m[34mSELECT "users".* FROM "users" WHERE "users"."email" = $1 LIMIT $2[0m  [["email", "abc@xyz.com"], ["LIMIT", 1]]
  ↳ app/models/user.rb:28:in `find_by_credentials'
Completed 200 OK in 411ms (Views: 0.3ms | ActiveRecord: 22.8ms | Allocations: 8798)


Started DELETE "/session" for ::1 at 2019-11-24 16:51:14 -0800
Processing by SessionsController#destroy as */*
Can't verify CSRF token authenticity.
Completed 500 Internal Server Error in 5ms (Views: 0.2ms | ActiveRecord: 0.0ms | Allocations: 1631)



NoMethodError - undefined method `reset_session_token!' for nil:NilClass:
  app/controllers/application_controller.rb:10:in `logout!'
  app/controllers/sessions_controller.rb:17:in `destroy'

Started DELETE "/session" for ::1 at 2019-11-24 16:52:15 -0800
Processing by SessionsController#destroy as */*
Can't verify CSRF token authenticity.
Completed 500 Internal Server Error in 7ms (Views: 0.2ms | ActiveRecord: 0.0ms | Allocations: 1629)



NoMethodError - undefined method `reset_session_token!' for nil:NilClass:
  app/controllers/application_controller.rb:10:in `logout!'
  app/controllers/sessions_controller.rb:17:in `destroy'

Started DELETE "/session" for ::1 at 2019-11-24 16:52:39 -0800
Processing by SessionsController#destroy as */*
Can't verify CSRF token authenticity.
Completed 500 Internal Server Error in 7ms (Views: 0.9ms | ActiveRecord: 0.0ms | Allocations: 1674)



NoMethodError - undefined method `reset_session_token!' for nil:NilClass:
  app/controllers/application_controller.rb:10:in `logout!'
  app/controllers/sessions_controller.rb:17:in `destroy'

Started DELETE "/session" for ::1 at 2019-11-24 16:53:37 -0800
Processing by SessionsController#destroy as */*
Can't verify CSRF token authenticity.
Completed 500 Internal Server Error in 4ms (Views: 0.2ms | ActiveRecord: 0.0ms | Allocations: 1628)



NoMethodError - undefined method `reset_session_token!' for nil:NilClass:
  app/controllers/application_controller.rb:10:in `logout!'
  app/controllers/sessions_controller.rb:17:in `destroy'

Started DELETE "/session" for ::1 at 2019-11-24 16:54:25 -0800
Processing by SessionsController#destroy as */*
Can't verify CSRF token authenticity.
Completed 500 Internal Server Error in 7ms (Views: 0.2ms | ActiveRecord: 0.0ms | Allocations: 1636)



NoMethodError - undefined method `reset_session_token!' for nil:NilClass:
  app/controllers/application_controller.rb:11:in `logout!'
  app/controllers/sessions_controller.rb:17:in `destroy'

Started DELETE "/session" for ::1 at 2019-11-24 16:54:40 -0800
Processing by SessionsController#destroy as */*
Can't verify CSRF token authenticity.
Completed 500 Internal Server Error in 2ms (Views: 0.2ms | ActiveRecord: 0.0ms | Allocations: 1265)



AbstractController::DoubleRenderError - Render and/or redirect were called multiple times in this action. Please note that you may only call render OR redirect, and at most once per action. Also note that neither redirect nor render terminate execution of the action, so if you want to exit an action after redirecting, you need to do something like "redirect_to(...) and return".:
  app/controllers/sessions_controller.rb:18:in `destroy'

Started DELETE "/session" for ::1 at 2019-11-24 16:55:04 -0800
Processing by SessionsController#destroy as */*
Can't verify CSRF token authenticity.
Completed 404 Not Found in 1ms (Views: 0.2ms | ActiveRecord: 0.0ms | Allocations: 339)


Started DELETE "/session" for ::1 at 2019-11-24 16:55:13 -0800
Processing by SessionsController#destroy as */*
Can't verify CSRF token authenticity.
Completed 404 Not Found in 2ms (Views: 0.4ms | ActiveRecord: 0.0ms | Allocations: 293)


Started DELETE "/session" for ::1 at 2019-11-24 16:55:39 -0800
Processing by SessionsController#destroy as */*
Can't verify CSRF token authenticity.
Completed 404 Not Found in 2ms (Views: 0.2ms | ActiveRecord: 0.0ms | Allocations: 334)


Started DELETE "/session" for ::1 at 2019-11-24 16:56:55 -0800
Processing by SessionsController#destroy as */*
Can't verify CSRF token authenticity.
Completed 404 Not Found in 2ms (Views: 0.2ms | ActiveRecord: 0.0ms | Allocations: 335)


Started DELETE "/session" for ::1 at 2019-11-24 16:57:58 -0800
Processing by SessionsController#destroy as */*
Can't verify CSRF token authenticity.
Completed 404 Not Found in 1ms (Views: 0.2ms | ActiveRecord: 0.0ms | Allocations: 289)


Started POST "/session?email=abc@xyz.com&password=[FILTERED]" for ::1 at 2019-11-24 16:58:03 -0800
Processing by SessionsController#create as */*
  Parameters: {"email"=>"abc@xyz.com", "password"=>"[FILTERED]"}
Can't verify CSRF token authenticity.
  [1m[36mUser Load (1.2ms)[0m  [1m[34mSELECT "users".* FROM "users" WHERE "users"."email" = $1 LIMIT $2[0m  [["email", "abc@xyz.com"], ["LIMIT", 1]]
  ↳ app/models/user.rb:28:in `find_by_credentials'
Completed 200 OK in 386ms (Views: 0.5ms | ActiveRecord: 19.1ms | Allocations: 12763)


Started DELETE "/session" for ::1 at 2019-11-24 16:58:09 -0800
Processing by SessionsController#destroy as */*
Can't verify CSRF token authenticity.
Completed 404 Not Found in 1ms (Views: 0.2ms | ActiveRecord: 0.0ms | Allocations: 289)


Started POST "/session?email=abc@xyz.com&password=[FILTERED]" for ::1 at 2019-11-24 16:58:21 -0800
Processing by SessionsController#create as */*
  Parameters: {"email"=>"abc@xyz.com", "password"=>"[FILTERED]"}
Can't verify CSRF token authenticity.
  [1m[36mUser Load (1.6ms)[0m  [1m[34mSELECT "users".* FROM "users" WHERE "users"."email" = $1 LIMIT $2[0m  [["email", "abc@xyz.com"], ["LIMIT", 1]]
  ↳ app/models/user.rb:28:in `find_by_credentials'
Completed 200 OK in 455ms (Views: 0.4ms | ActiveRecord: 1.6ms | Allocations: 893)


Started POST "/session?email=abc@xyz.com&password=[FILTERED]" for ::1 at 2019-11-24 16:58:23 -0800
Processing by SessionsController#create as */*
  Parameters: {"email"=>"abc@xyz.com", "password"=>"[FILTERED]"}
Can't verify CSRF token authenticity.
  [1m[36mUser Load (0.8ms)[0m  [1m[34mSELECT "users".* FROM "users" WHERE "users"."email" = $1 LIMIT $2[0m  [["email", "abc@xyz.com"], ["LIMIT", 1]]
  ↳ app/models/user.rb:28:in `find_by_credentials'
Completed 200 OK in 290ms (Views: 0.7ms | ActiveRecord: 0.8ms | Allocations: 893)


Started POST "/session?email=abc@xyz.com&password=[FILTERED]" for ::1 at 2019-11-24 16:58:46 -0800
Processing by SessionsController#create as */*
  Parameters: {"email"=>"abc@xyz.com", "password"=>"[FILTERED]"}
Can't verify CSRF token authenticity.
  [1m[36mUser Load (0.4ms)[0m  [1m[34mSELECT "users".* FROM "users" WHERE "users"."email" = $1 LIMIT $2[0m  [["email", "abc@xyz.com"], ["LIMIT", 1]]
  ↳ app/models/user.rb:28:in `find_by_credentials'
Completed 200 OK in 396ms (Views: 0.4ms | ActiveRecord: 8.1ms | Allocations: 8352)


Started POST "/session?email=abc@xyz.com&password=[FILTERED]" for ::1 at 2019-11-24 16:58:52 -0800
Processing by SessionsController#create as */*
  Parameters: {"email"=>"abc@xyz.com", "password"=>"[FILTERED]"}
Can't verify CSRF token authenticity.
  [1m[36mUser Load (2.7ms)[0m  [1m[34mSELECT "users".* FROM "users" WHERE "users"."email" = $1 LIMIT $2[0m  [["email", "abc@xyz.com"], ["LIMIT", 1]]
  ↳ app/models/user.rb:28:in `find_by_credentials'
Completed 200 OK in 536ms (Views: 0.7ms | ActiveRecord: 2.7ms | Allocations: 907)


Started POST "/session?email=abc@xyz.com&password=[FILTERED]" for ::1 at 2019-11-24 17:00:43 -0800
Processing by SessionsController#create as */*
  Parameters: {"email"=>"abc@xyz.com", "password"=>"[FILTERED]"}
Can't verify CSRF token authenticity.
  [1m[36mUser Load (0.5ms)[0m  [1m[34mSELECT "users".* FROM "users" WHERE "users"."email" = $1 LIMIT $2[0m  [["email", "abc@xyz.com"], ["LIMIT", 1]]
  ↳ app/models/user.rb:28:in `find_by_credentials'
Completed 200 OK in 356ms (Views: 0.7ms | ActiveRecord: 16.1ms | Allocations: 8340)


Started POST "/session?email=abc@xyz.com&password=[FILTERED]" for ::1 at 2019-11-24 17:01:10 -0800
Processing by SessionsController#create as */*
  Parameters: {"email"=>"abc@xyz.com", "password"=>"[FILTERED]"}
Can't verify CSRF token authenticity.
  [1m[36mUser Load (0.5ms)[0m  [1m[34mSELECT "users".* FROM "users" WHERE "users"."email" = $1 LIMIT $2[0m  [["email", "abc@xyz.com"], ["LIMIT", 1]]
  ↳ app/models/user.rb:28:in `find_by_credentials'
Completed 200 OK in 435ms (Views: 1.8ms | ActiveRecord: 11.6ms | Allocations: 8372)


Started POST "/session?email=abc@xyz.com&password=[FILTERED]" for ::1 at 2019-11-24 17:01:24 -0800
Processing by SessionsController#create as */*
  Parameters: {"email"=>"abc@xyz.com", "password"=>"[FILTERED]"}
Can't verify CSRF token authenticity.
  [1m[36mUser Load (0.4ms)[0m  [1m[34mSELECT "users".* FROM "users" WHERE "users"."email" = $1 LIMIT $2[0m  [["email", "abc@xyz.com"], ["LIMIT", 1]]
  ↳ app/models/user.rb:28:in `find_by_credentials'
Completed 200 OK in 782ms (Views: 5.0ms | ActiveRecord: 15.0ms | Allocations: 8380)


Started POST "/session?email=abc@xyz.com&password=[FILTERED]" for ::1 at 2019-11-26 11:43:06 -0800
  [1m[35m (5.9ms)[0m  [1m[34mSELECT "schema_migrations"."version" FROM "schema_migrations" ORDER BY "schema_migrations"."version" ASC[0m
Processing by SessionsController#create as */*
  Parameters: {"email"=>"abc@xyz.com", "password"=>"[FILTERED]"}
Can't verify CSRF token authenticity.
Completed 422 Unprocessable Entity in 2ms (ActiveRecord: 0.0ms | Allocations: 992)



ActionController::InvalidAuthenticityToken - ActionController::InvalidAuthenticityToken:

  [1m[36mCompany Load (7.0ms)[0m  [1m[34mSELECT "companies".* FROM "companies"[0m
  [1m[36mUser Load (1.7ms)[0m  [1m[34mSELECT "users".* FROM "users"[0m
Started POST "/session?email=abc@xyz.com&password=[FILTERED]" for ::1 at 2019-11-26 11:44:52 -0800
Processing by SessionsController#create as */*
  Parameters: {"email"=>"abc@xyz.com", "password"=>"[FILTERED]"}
Can't verify CSRF token authenticity.
  [1m[36mUser Load (2.8ms)[0m  [1m[34mSELECT "users".* FROM "users" WHERE "users"."email" = $1 LIMIT $2[0m  [["email", "abc@xyz.com"], ["LIMIT", 1]]
  ↳ app/models/user.rb:28:in `find_by_credentials'
Completed 200 OK in 545ms (Views: 4.3ms | ActiveRecord: 57.2ms | Allocations: 10344)


Started POST "/session?email=abc@xyz.com&password=[FILTERED]" for ::1 at 2019-11-26 11:44:58 -0800
Processing by SessionsController#create as */*
  Parameters: {"email"=>"abc@xyz.com", "password"=>"[FILTERED]"}
Can't verify CSRF token authenticity.
  [1m[36mUser Load (2.0ms)[0m  [1m[34mSELECT "users".* FROM "users" WHERE "users"."email" = $1 LIMIT $2[0m  [["email", "abc@xyz.com"], ["LIMIT", 1]]
  ↳ app/models/user.rb:28:in `find_by_credentials'
Completed 200 OK in 321ms (Views: 1.3ms | ActiveRecord: 2.0ms | Allocations: 914)


Started POST "/session?email=abc@xyz.com&password=[FILTERED]" for ::1 at 2019-11-26 12:27:25 -0800
Processing by SessionsController#create as */*
  Parameters: {"email"=>"abc@xyz.com", "password"=>"[FILTERED]"}
Can't verify CSRF token authenticity.
  [1m[36mUser Load (2.0ms)[0m  [1m[34mSELECT "users".* FROM "users" WHERE "users"."email" = $1 LIMIT $2[0m  [["email", "abc@xyz.com"], ["LIMIT", 1]]
  ↳ app/models/user.rb:28:in `find_by_credentials'
Completed 200 OK in 402ms (Views: 0.6ms | ActiveRecord: 2.4ms | Allocations: 8191)


Started POST "/session?email=abc@xyz.com&password=[FILTERED]" for ::1 at 2019-11-26 12:27:48 -0800
  [1m[35m (2.1ms)[0m  [1m[34mSELECT "schema_migrations"."version" FROM "schema_migrations" ORDER BY "schema_migrations"."version" ASC[0m
Processing by SessionsController#create as */*
  Parameters: {"email"=>"abc@xyz.com", "password"=>"[FILTERED]"}
Can't verify CSRF token authenticity.
  [1m[36mUser Load (2.5ms)[0m  [1m[34mSELECT "users".* FROM "users" WHERE "users"."email" = $1 LIMIT $2[0m  [["email", "abc@xyz.com"], ["LIMIT", 1]]
  ↳ app/models/user.rb:28:in `find_by_credentials'
Completed 200 OK in 482ms (Views: 0.3ms | ActiveRecord: 20.9ms | Allocations: 10350)


Started DELETE "/session?email=abc@xyz.com&password=[FILTERED]" for ::1 at 2019-11-26 12:28:02 -0800
Processing by SessionsController#destroy as */*
  Parameters: {"email"=>"abc@xyz.com", "password"=>"[FILTERED]"}
Can't verify CSRF token authenticity.
Completed 404 Not Found in 13ms (Views: 1.0ms | ActiveRecord: 0.0ms | Allocations: 864)


Started DELETE "/session" for ::1 at 2019-11-26 12:28:21 -0800
Processing by SessionsController#destroy as */*
Can't verify CSRF token authenticity.
Completed 404 Not Found in 1ms (Views: 0.2ms | ActiveRecord: 0.0ms | Allocations: 289)


Started POST "/session?email=abc@xyz.com&password=[FILTERED]" for ::1 at 2019-11-26 12:28:27 -0800
Processing by SessionsController#create as */*
  Parameters: {"email"=>"abc@xyz.com", "password"=>"[FILTERED]"}
Can't verify CSRF token authenticity.
  [1m[36mUser Load (0.7ms)[0m  [1m[34mSELECT "users".* FROM "users" WHERE "users"."email" = $1 LIMIT $2[0m  [["email", "abc@xyz.com"], ["LIMIT", 1]]
  ↳ app/models/user.rb:28:in `find_by_credentials'
Completed 200 OK in 383ms (Views: 0.7ms | ActiveRecord: 0.7ms | Allocations: 917)


Started DELETE "/session" for ::1 at 2019-11-26 12:28:34 -0800
Processing by SessionsController#destroy as */*
Can't verify CSRF token authenticity.
Completed 404 Not Found in 1ms (Views: 0.3ms | ActiveRecord: 0.0ms | Allocations: 289)


Started DELETE "/session" for ::1 at 2019-11-26 12:29:05 -0800
Processing by SessionsController#destroy as */*
Can't verify CSRF token authenticity.
Completed 422 Unprocessable Entity in 1ms (ActiveRecord: 0.0ms | Allocations: 1078)



ActionController::InvalidAuthenticityToken - ActionController::InvalidAuthenticityToken:

Started POST "/session?email=abc@xyz.com&password=[FILTERED]" for ::1 at 2019-11-26 12:38:27 -0800
Processing by SessionsController#create as */*
  Parameters: {"email"=>"abc@xyz.com", "password"=>"[FILTERED]"}
Can't verify CSRF token authenticity.
Completed 422 Unprocessable Entity in 13ms (ActiveRecord: 0.0ms | Allocations: 1015)



ActionController::InvalidAuthenticityToken - ActionController::InvalidAuthenticityToken:

Started POST "/api/session?email=abc@xyz.com&password=[FILTERED]" for ::1 at 2019-11-26 14:14:52 -0800
Processing by Api::SessionsController#create as JSON
  Parameters: {"email"=>"abc@xyz.com", "password"=>"[FILTERED]"}
Can't verify CSRF token authenticity.
Completed 422 Unprocessable Entity in 5ms (ActiveRecord: 0.0ms | Allocations: 1019)



ActionController::InvalidAuthenticityToken - ActionController::InvalidAuthenticityToken:

Started POST "/api/session?email=abc@xyz.com&password=[FILTERED]" for ::1 at 2019-11-26 14:15:11 -0800
Processing by Api::SessionsController#create as JSON
  Parameters: {"email"=>"abc@xyz.com", "password"=>"[FILTERED]"}
Can't verify CSRF token authenticity.
Completed 422 Unprocessable Entity in 6ms (ActiveRecord: 0.0ms | Allocations: 967)



ActionController::InvalidAuthenticityToken - ActionController::InvalidAuthenticityToken:

Started POST "/api/session?email=abc@xyz.com&password=[FILTERED]" for ::1 at 2019-11-26 14:17:17 -0800
Processing by Api::SessionsController#create as JSON
  Parameters: {"email"=>"abc@xyz.com", "password"=>"[FILTERED]"}
  [1m[36mUser Load (3.7ms)[0m  [1m[34mSELECT "users".* FROM "users" WHERE "users"."email" = $1 LIMIT $2[0m  [["email", "abc@xyz.com"], ["LIMIT", 1]]
  ↳ app/models/user.rb:28:in `find_by_credentials'
Completed 200 OK in 501ms (Views: 11.2ms | ActiveRecord: 57.3ms | Allocations: 8520)


Started DELETE "/api/session?email=abc@xyz.com&password=[FILTERED]" for ::1 at 2019-11-26 14:17:25 -0800
Processing by Api::SessionsController#destroy as JSON
  Parameters: {"email"=>"abc@xyz.com", "password"=>"[FILTERED]"}
  [1m[36mUser Load (8.6ms)[0m  [1m[34mSELECT "users".* FROM "users" WHERE "users"."session_token" = $1 LIMIT $2[0m  [["session_token", "a0UWw1J7cDudaNDE5YSpLg"], ["LIMIT", 1]]
  ↳ app/controllers/application_controller.rb:24:in `current_user'
  [1m[35m (1.0ms)[0m  [1m[35mBEGIN[0m
  ↳ app/models/user.rb:48:in `reset_session_token!'
  [1m[36mUser Exists? (0.8ms)[0m  [1m[34mSELECT 1 AS one FROM "users" WHERE "users"."email" = $1 AND "users"."id" != $2 LIMIT $3[0m  [["email", "abc@xyz.com"], ["id", 1], ["LIMIT", 1]]
  ↳ app/models/user.rb:48:in `reset_session_token!'
  [1m[36mCompany Load (1.4ms)[0m  [1m[34mSELECT "companies".* FROM "companies" WHERE "companies"."id" = $1 LIMIT $2[0m  [["id", 1], ["LIMIT", 1]]
  ↳ app/models/user.rb:48:in `reset_session_token!'
  [1m[36mUser Update (9.3ms)[0m  [1m[33mUPDATE "users" SET "session_token" = $1, "updated_at" = $2 WHERE "users"."id" = $3[0m  [["session_token", "NtBojaxMSGVp6yXfUuQp8g"], ["updated_at", "2019-11-26 22:17:26.042381"], ["id", 1]]
  ↳ app/models/user.rb:48:in `reset_session_token!'
  [1m[35m (4.2ms)[0m  [1m[35mCOMMIT[0m
  ↳ app/models/user.rb:48:in `reset_session_token!'
Completed 200 OK in 120ms (Views: 0.7ms | ActiveRecord: 35.1ms | Allocations: 15055)


Started DELETE "/api/session?email=abc@xyz.com&password=[FILTERED]" for ::1 at 2019-11-26 14:17:28 -0800
Processing by Api::SessionsController#destroy as JSON
  Parameters: {"email"=>"abc@xyz.com", "password"=>"[FILTERED]"}
Completed 404 Not Found in 1ms (Views: 0.3ms | ActiveRecord: 0.0ms | Allocations: 269)


Started POST "/api/session?email=abc@xyz.com&password=[FILTERED]" for ::1 at 2019-11-26 14:17:32 -0800
Processing by Api::SessionsController#create as JSON
  Parameters: {"email"=>"abc@xyz.com", "password"=>"[FILTERED]"}
  [1m[36mUser Load (3.6ms)[0m  [1m[34mSELECT "users".* FROM "users" WHERE "users"."email" = $1 LIMIT $2[0m  [["email", "abc@xyz.com"], ["LIMIT", 1]]
  ↳ app/models/user.rb:28:in `find_by_credentials'
Completed 200 OK in 375ms (Views: 0.7ms | ActiveRecord: 3.6ms | Allocations: 906)


Started POST "/api/session?email=abc@xyz.com&password=[FILTERED]" for ::1 at 2019-11-26 14:17:34 -0800
Processing by Api::SessionsController#create as JSON
  Parameters: {"email"=>"abc@xyz.com", "password"=>"[FILTERED]"}
  [1m[36mUser Load (0.6ms)[0m  [1m[34mSELECT "users".* FROM "users" WHERE "users"."email" = $1 LIMIT $2[0m  [["email", "abc@xyz.com"], ["LIMIT", 1]]
  ↳ app/models/user.rb:28:in `find_by_credentials'
Completed 200 OK in 329ms (Views: 0.9ms | ActiveRecord: 0.6ms | Allocations: 901)


Started DELETE "/api/session?email=abc@xyz.com&password=[FILTERED]" for ::1 at 2019-11-26 14:17:48 -0800
Processing by Api::SessionsController#destroy as JSON
  Parameters: {"email"=>"abc@xyz.com", "password"=>"[FILTERED]"}
  [1m[36mUser Load (5.6ms)[0m  [1m[34mSELECT "users".* FROM "users" WHERE "users"."session_token" = $1 LIMIT $2[0m  [["session_token", "NtBojaxMSGVp6yXfUuQp8g"], ["LIMIT", 1]]
  ↳ app/controllers/application_controller.rb:24:in `current_user'
  [1m[35m (0.7ms)[0m  [1m[35mBEGIN[0m
  ↳ app/models/user.rb:48:in `reset_session_token!'
  [1m[36mUser Exists? (0.6ms)[0m  [1m[34mSELECT 1 AS one FROM "users" WHERE "users"."email" = $1 AND "users"."id" != $2 LIMIT $3[0m  [["email", "abc@xyz.com"], ["id", 1], ["LIMIT", 1]]
  ↳ app/models/user.rb:48:in `reset_session_token!'
  [1m[36mCompany Load (0.4ms)[0m  [1m[34mSELECT "companies".* FROM "companies" WHERE "companies"."id" = $1 LIMIT $2[0m  [["id", 1], ["LIMIT", 1]]
  ↳ app/models/user.rb:48:in `reset_session_token!'
  [1m[36mUser Update (1.0ms)[0m  [1m[33mUPDATE "users" SET "session_token" = $1, "updated_at" = $2 WHERE "users"."id" = $3[0m  [["session_token", "cqV5qSJXQUXOhHxvrmfZlg"], ["updated_at", "2019-11-26 22:17:48.204329"], ["id", 1]]
  ↳ app/models/user.rb:48:in `reset_session_token!'
  [1m[35m (0.5ms)[0m  [1m[35mCOMMIT[0m
  ↳ app/models/user.rb:48:in `reset_session_token!'
Completed 200 OK in 95ms (Views: 0.2ms | ActiveRecord: 8.8ms | Allocations: 5083)


Started DELETE "/api/session?email=abc@xyz.com&password=[FILTERED]" for ::1 at 2019-11-26 14:17:49 -0800
Processing by Api::SessionsController#destroy as JSON
  Parameters: {"email"=>"abc@xyz.com", "password"=>"[FILTERED]"}
Completed 404 Not Found in 1ms (Views: 0.2ms | ActiveRecord: 0.0ms | Allocations: 270)


Started POST "/api/session?email=abc@xyz.com&password=[FILTERED]" for ::1 at 2019-11-26 14:18:41 -0800
Processing by Api::SessionsController#create as JSON
  Parameters: {"email"=>"abc@xyz.com", "password"=>"[FILTERED]"}
  [1m[36mUser Load (0.6ms)[0m  [1m[34mSELECT "users".* FROM "users" WHERE "users"."email" = $1 LIMIT $2[0m  [["email", "abc@xyz.com"], ["LIMIT", 1]]
  ↳ app/models/user.rb:28:in `find_by_credentials'
Completed 200 OK in 448ms (Views: 0.5ms | ActiveRecord: 15.1ms | Allocations: 8368)


Started GET "/" for ::1 at 2019-11-26 14:38:59 -0800

NameError - uninitialized constant StaticPagesController:

Started POST "/__better_errors/23bbf7486b841c3e/variables" for ::1 at 2019-11-26 14:39:00 -0800
Started GET "/" for ::1 at 2019-11-26 14:39:41 -0800
Processing by StaticPagesController#root as HTML
Completed 406 Not Acceptable in 21ms (ActiveRecord: 0.0ms | Allocations: 2419)



ActionController::MissingExactTemplate - StaticPagesController#root is missing a template for request formats: text/html:

Started POST "/__better_errors/82654476b9135483/variables" for ::1 at 2019-11-26 14:39:42 -0800
Started GET "/" for ::1 at 2019-11-26 14:42:54 -0800
Processing by StaticPagesController#root as HTML
Completed 406 Not Acceptable in 8ms (ActiveRecord: 0.0ms | Allocations: 1086)



ActionController::MissingExactTemplate - StaticPagesController#root is missing a template for request formats: text/html:

Started POST "/__better_errors/ad5cb734e65982aa/variables" for ::1 at 2019-11-26 14:42:56 -0800
Started GET "/" for ::1 at 2019-11-26 14:48:15 -0800
Processing by StaticPagesController#root as HTML
  Rendering static_pages/root.html.erb within layouts/application
  Rendered static_pages/root.html.erb within layouts/application (Duration: 6.7ms | Allocations: 441)
[Webpacker] Compiling...
[Webpacker] Compiled all packs in /Users/owenhaupt/Desktop/caterhub/public/packs
[Webpacker] Hash: 6cb8b493d60718f25c41
Version: webpack 4.41.2
Time: 7679ms
Built at: 11/26/2019 2:48:27 PM
                                     Asset       Size       Chunks                         Chunk Names
    js/application-c3596f3a1d609d2c9648.js    124 KiB  application  [emitted] [immutable]  application
js/application-c3596f3a1d609d2c9648.js.map    139 KiB  application  [emitted] [dev]        application
                             manifest.json  364 bytes               [emitted]              
Entrypoint application = js/application-c3596f3a1d609d2c9648.js js/application-c3596f3a1d609d2c9648.js.map
[./app/javascript/channels sync recursive _channel\.js$] ./app/javascript/channels sync _channel\.js$ 160 bytes {application} [built]
[./app/javascript/channels/index.js] 211 bytes {application} [built]
[./app/javascript/packs/application.js] 858 bytes {application} [built]
[./node_modules/webpack/buildin/module.js] (webpack)/buildin/module.js 552 bytes {application} [built]
    + 3 hidden modules

Completed 200 OK in 12202ms (Views: 12174.7ms | ActiveRecord: 0.0ms | Allocations: 47820)


Started GET "/" for ::1 at 2019-11-26 14:48:48 -0800
Processing by StaticPagesController#root as HTML
  Rendering static_pages/root.html.erb within layouts/application
  Rendered static_pages/root.html.erb within layouts/application (Duration: 1.1ms | Allocations: 152)
[Webpacker] Everything's up-to-date. Nothing to do
Completed 200 OK in 32ms (Views: 29.2ms | ActiveRecord: 0.0ms | Allocations: 7003)


Started GET "/" for ::1 at 2019-11-26 14:49:05 -0800
Processing by StaticPagesController#root as HTML
  Rendering static_pages/root.html.erb within layouts/application
  Rendered static_pages/root.html.erb within layouts/application (Duration: 0.2ms | Allocations: 9)
[Webpacker] Everything's up-to-date. Nothing to do
Completed 200 OK in 41ms (Views: 38.2ms | ActiveRecord: 0.0ms | Allocations: 5924)


Started GET "/" for ::1 at 2019-11-26 14:51:55 -0800
Processing by StaticPagesController#root as HTML
  Rendering static_pages/root.html.erb within layouts/application
  Rendered static_pages/root.html.erb within layouts/application (Duration: 1.5ms | Allocations: 150)
[Webpacker] Everything's up-to-date. Nothing to do
Completed 200 OK in 29ms (Views: 26.7ms | ActiveRecord: 0.0ms | Allocations: 6997)


Started GET "/" for ::1 at 2019-11-26 14:52:08 -0800
Processing by StaticPagesController#root as HTML
  Rendering static_pages/root.html.erb within layouts/application
  Rendered static_pages/root.html.erb within layouts/application (Duration: 0.1ms | Allocations: 9)
[Webpacker] Everything's up-to-date. Nothing to do
Completed 200 OK in 36ms (Views: 34.2ms | ActiveRecord: 0.0ms | Allocations: 5921)


Started GET "/" for ::1 at 2019-11-26 14:53:19 -0800
Processing by StaticPagesController#root as HTML
  Rendering static_pages/root.html.erb within layouts/application
  Rendered static_pages/root.html.erb within layouts/application (Duration: 0.1ms | Allocations: 9)
[Webpacker] Everything's up-to-date. Nothing to do
Completed 200 OK in 37ms (Views: 35.5ms | ActiveRecord: 0.0ms | Allocations: 5916)


Started GET "/" for ::1 at 2019-11-26 14:53:22 -0800
Processing by StaticPagesController#root as HTML
  Rendering static_pages/root.html.erb within layouts/application
  Rendered static_pages/root.html.erb within layouts/application (Duration: 0.1ms | Allocations: 9)
[Webpacker] Everything's up-to-date. Nothing to do
Completed 200 OK in 42ms (Views: 41.1ms | ActiveRecord: 0.0ms | Allocations: 5928)


Started GET "/" for ::1 at 2019-11-26 14:53:23 -0800
Processing by StaticPagesController#root as HTML
  Rendering static_pages/root.html.erb within layouts/application
  Rendered static_pages/root.html.erb within layouts/application (Duration: 0.1ms | Allocations: 8)
[Webpacker] Everything's up-to-date. Nothing to do
Completed 200 OK in 25ms (Views: 24.1ms | ActiveRecord: 0.0ms | Allocations: 5925)


Started GET "/" for ::1 at 2019-11-26 14:53:26 -0800
Processing by StaticPagesController#root as HTML
  Rendering static_pages/root.html.erb within layouts/application
  Rendered static_pages/root.html.erb within layouts/application (Duration: 0.1ms | Allocations: 9)
[Webpacker] Everything's up-to-date. Nothing to do
Completed 200 OK in 48ms (Views: 46.3ms | ActiveRecord: 0.0ms | Allocations: 5925)


Started GET "/" for ::1 at 2019-11-26 14:53:28 -0800
Processing by StaticPagesController#root as HTML
  Rendering static_pages/root.html.erb within layouts/application
  Rendered static_pages/root.html.erb within layouts/application (Duration: 0.1ms | Allocations: 8)
[Webpacker] Everything's up-to-date. Nothing to do
Completed 200 OK in 34ms (Views: 30.3ms | ActiveRecord: 0.0ms | Allocations: 5920)


Started GET "/" for ::1 at 2019-11-26 14:59:17 -0800
Processing by StaticPagesController#root as HTML
  Rendering static_pages/root.html.erb within layouts/application
  Rendered static_pages/root.html.erb within layouts/application (Duration: 2.1ms | Allocations: 155)
[Webpacker] Everything's up-to-date. Nothing to do
Completed 200 OK in 53ms (Views: 44.8ms | ActiveRecord: 0.0ms | Allocations: 7009)


Started GET "/" for ::1 at 2019-11-26 15:05:27 -0800
Processing by StaticPagesController#root as HTML
  Rendering static_pages/root.html.erb within layouts/application
  Rendered static_pages/root.html.erb within layouts/application (Duration: 0.3ms | Allocations: 9)
[Webpacker] Everything's up-to-date. Nothing to do
Completed 200 OK in 31ms (Views: 27.7ms | ActiveRecord: 0.0ms | Allocations: 5922)


Started GET "/" for ::1 at 2019-11-26 15:07:50 -0800
Processing by StaticPagesController#root as HTML
  Rendering static_pages/root.html.erb within layouts/application
  Rendered static_pages/root.html.erb within layouts/application (Duration: 0.1ms | Allocations: 8)
[Webpacker] Everything's up-to-date. Nothing to do
Completed 200 OK in 35ms (Views: 33.1ms | ActiveRecord: 0.0ms | Allocations: 5921)


Started GET "/" for ::1 at 2019-11-26 15:17:32 -0800
Processing by StaticPagesController#root as HTML
  Rendering static_pages/root.html.erb within layouts/application
  Rendered static_pages/root.html.erb within layouts/application (Duration: 6.3ms | Allocations: 150)
[Webpacker] Everything's up-to-date. Nothing to do
Completed 200 OK in 63ms (Views: 60.8ms | ActiveRecord: 0.0ms | Allocations: 7000)


Started GET "/" for ::1 at 2019-11-26 17:09:39 -0800
Processing by StaticPagesController#root as HTML
  Rendering static_pages/root.html.erb within layouts/application
  Rendered static_pages/root.html.erb within layouts/application (Duration: 1.0ms | Allocations: 9)
[Webpacker] Compiling...
[Webpacker] Compiled all packs in /Users/owenhaupt/Desktop/caterhub/public/packs
[Webpacker] Hash: 6cb8b493d60718f25c41
Version: webpack 4.41.2
Time: 2549ms
Built at: 11/26/2019 5:09:46 PM
                                     Asset       Size       Chunks                         Chunk Names
    js/application-c3596f3a1d609d2c9648.js    124 KiB  application  [emitted] [immutable]  application
js/application-c3596f3a1d609d2c9648.js.map    139 KiB  application  [emitted] [dev]        application
                             manifest.json  364 bytes               [emitted]              
Entrypoint application = js/application-c3596f3a1d609d2c9648.js js/application-c3596f3a1d609d2c9648.js.map
[./app/javascript/channels sync recursive _channel\.js$] ./app/javascript/channels sync _channel\.js$ 160 bytes {application} [built]
[./app/javascript/channels/index.js] 211 bytes {application} [built]
[./app/javascript/packs/application.js] 858 bytes {application} [built]
[./node_modules/webpack/buildin/module.js] (webpack)/buildin/module.js 552 bytes {application} [built]
    + 3 hidden modules

Completed 200 OK in 7078ms (Views: 7027.9ms | ActiveRecord: 0.0ms | Allocations: 8064)


Started GET "/" for ::1 at 2019-11-26 17:09:53 -0800
Processing by StaticPagesController#root as HTML
  Rendering static_pages/root.html.erb within layouts/application
  Rendered static_pages/root.html.erb within layouts/application (Duration: 0.2ms | Allocations: 8)
[Webpacker] Everything's up-to-date. Nothing to do
Completed 200 OK in 154ms (Views: 147.5ms | ActiveRecord: 0.0ms | Allocations: 5919)


Started GET "/" for ::1 at 2019-11-26 17:09:55 -0800
Processing by StaticPagesController#root as HTML
  Rendering static_pages/root.html.erb within layouts/application
  Rendered static_pages/root.html.erb within layouts/application (Duration: 0.7ms | Allocations: 8)
[Webpacker] Everything's up-to-date. Nothing to do
Completed 200 OK in 90ms (Views: 87.8ms | ActiveRecord: 0.0ms | Allocations: 5916)


Started GET "/" for ::1 at 2019-11-26 17:10:54 -0800
Processing by StaticPagesController#root as HTML
  Rendering static_pages/root.html.erb within layouts/application
  Rendered static_pages/root.html.erb within layouts/application (Duration: 0.1ms | Allocations: 8)
[Webpacker] Everything's up-to-date. Nothing to do
Completed 200 OK in 108ms (Views: 102.7ms | ActiveRecord: 0.0ms | Allocations: 5919)


Started GET "/" for ::1 at 2019-11-27 09:50:30 -0800
Processing by StaticPagesController#root as HTML
  Rendering static_pages/root.html.erb within layouts/application
  Rendered static_pages/root.html.erb within layouts/application (Duration: 1.1ms | Allocations: 8)
[Webpacker] Compiling...
[Webpacker] Compiled all packs in /Users/owenhaupt/Desktop/caterhub/public/packs
[Webpacker] Hash: 6cb8b493d60718f25c41
Version: webpack 4.41.2
Time: 1463ms
Built at: 11/27/2019 9:50:36 AM
                                     Asset       Size       Chunks                         Chunk Names
    js/application-c3596f3a1d609d2c9648.js    124 KiB  application  [emitted] [immutable]  application
js/application-c3596f3a1d609d2c9648.js.map    139 KiB  application  [emitted] [dev]        application
                             manifest.json  364 bytes               [emitted]              
Entrypoint application = js/application-c3596f3a1d609d2c9648.js js/application-c3596f3a1d609d2c9648.js.map
[./app/javascript/channels sync recursive _channel\.js$] ./app/javascript/channels sync _channel\.js$ 160 bytes {application} [built]
[./app/javascript/channels/index.js] 211 bytes {application} [built]
[./app/javascript/packs/application.js] 858 bytes {application} [built]
[./node_modules/webpack/buildin/module.js] (webpack)/buildin/module.js 552 bytes {application} [built]
    + 3 hidden modules

Completed 200 OK in 5501ms (Views: 5470.1ms | ActiveRecord: 0.0ms | Allocations: 8057)


Started GET "/" for ::1 at 2019-11-27 09:51:14 -0800
Processing by StaticPagesController#root as HTML
  Rendering static_pages/root.html.erb within layouts/application
  Rendered static_pages/root.html.erb within layouts/application (Duration: 1.0ms | Allocations: 8)
[Webpacker] Everything's up-to-date. Nothing to do
Completed 200 OK in 190ms (Views: 162.6ms | ActiveRecord: 0.0ms | Allocations: 5921)


Started GET "/" for ::1 at 2019-11-27 10:02:20 -0800
  [1m[35m (6.3ms)[0m  [1m[34mSELECT "schema_migrations"."version" FROM "schema_migrations" ORDER BY "schema_migrations"."version" ASC[0m
Processing by StaticPagesController#root as HTML
  Rendering static_pages/root.html.erb within layouts/application
  Rendered static_pages/root.html.erb within layouts/application (Duration: 1.9ms | Allocations: 443)
[Webpacker] Compiling...
[Webpacker] Compiled all packs in /Users/owenhaupt/Desktop/caterhub/public/packs
[Webpacker] Hash: 6cb8b493d60718f25c41
Version: webpack 4.41.2
Time: 1167ms
Built at: 11/27/2019 10:02:24 AM
                                     Asset       Size       Chunks                         Chunk Names
    js/application-c3596f3a1d609d2c9648.js    124 KiB  application  [emitted] [immutable]  application
js/application-c3596f3a1d609d2c9648.js.map    139 KiB  application  [emitted] [dev]        application
                             manifest.json  364 bytes               [emitted]              
Entrypoint application = js/application-c3596f3a1d609d2c9648.js js/application-c3596f3a1d609d2c9648.js.map
[./app/javascript/channels sync recursive _channel\.js$] ./app/javascript/channels sync _channel\.js$ 160 bytes {application} [built]
[./app/javascript/channels/index.js] 211 bytes {application} [built]
[./app/javascript/packs/application.js] 858 bytes {application} [built]
[./node_modules/webpack/buildin/module.js] (webpack)/buildin/module.js 552 bytes {application} [built]
    + 3 hidden modules

Completed 200 OK in 4143ms (Views: 4128.1ms | ActiveRecord: 0.0ms | Allocations: 52998)


Started GET "/" for ::1 at 2019-11-27 10:03:49 -0800
Processing by StaticPagesController#root as HTML
  Rendering static_pages/root.html.erb within layouts/application
  Rendered static_pages/root.html.erb within layouts/application (Duration: 0.2ms | Allocations: 9)
[Webpacker] Compiling...
[Webpacker] Compiled all packs in /Users/owenhaupt/Desktop/caterhub/public/packs
[Webpacker] Hash: b6529d81940be8993160
Version: webpack 4.41.2
Time: 814ms
Built at: 11/27/2019 10:03:52 AM
                                     Asset       Size       Chunks                         Chunk Names
    js/application-3967d98beb48dc42d226.js   4.61 KiB  application  [emitted] [immutable]  application
js/application-3967d98beb48dc42d226.js.map   4.38 KiB  application  [emitted] [dev]        application
                             manifest.json  364 bytes               [emitted]              
Entrypoint application = js/application-3967d98beb48dc42d226.js js/application-3967d98beb48dc42d226.js.map
[./app/javascript/packs/application.js] 731 bytes {application} [built]

Completed 200 OK in 3206ms (Views: 3204.6ms | ActiveRecord: 0.0ms | Allocations: 8274)


Started GET "/" for ::1 at 2019-11-27 10:06:40 -0800
Processing by StaticPagesController#root as HTML
  Rendering static_pages/root.html.erb within layouts/application
  Rendered static_pages/root.html.erb within layouts/application (Duration: 0.2ms | Allocations: 9)
[Webpacker] Everything's up-to-date. Nothing to do
Completed 200 OK in 28ms (Views: 25.2ms | ActiveRecord: 0.0ms | Allocations: 6111)


